2023-11-14 10:42:25,782 - __main__ - INFO - Registering GATT application...
2023-11-14 10:42:25,805 - __main__ - INFO - GATT application registered
2023-11-14 10:42:25,813 - __main__ - INFO - Advertisement registered
2023-11-14 10:43:15,170 - __main__ - DEBUG - power Read: [255]
2023-11-14 10:43:15,180 - __main__ - ERROR - Error getting status Invalid URL 'XXXXXXXXXXXX/vivaldi': No schema supplied. Perhaps you meant http://XXXXXXXXXXXX/vivaldi?
2023-11-14 10:43:16,073 - __main__ - DEBUG - power Read: [255]
2023-11-14 10:43:16,077 - __main__ - ERROR - Error getting status Invalid URL 'XXXXXXXXXXXX/vivaldi': No schema supplied. Perhaps you meant http://XXXXXXXXXXXX/vivaldi?
2023-11-14 10:45:35,583 - __main__ - INFO - Registering GATT application...
2023-11-14 10:45:35,602 - __main__ - INFO - GATT application registered
2023-11-14 10:45:35,607 - __main__ - INFO - Advertisement registered
2023-11-14 11:10:24,317 - __main__ - INFO - Registering GATT application...
2023-11-14 11:10:24,335 - __main__ - INFO - GATT application registered
2023-11-14 11:10:24,341 - __main__ - INFO - Advertisement registered
2023-11-14 11:22:18,777 - __main__ - INFO - Registering GATT application...
2023-11-14 11:22:18,797 - __main__ - INFO - GATT application registered
2023-11-14 11:22:18,802 - __main__ - INFO - Advertisement registered
2023-11-14 11:23:59,235 - __main__ - INFO - Registering GATT application...
2023-11-14 11:23:59,254 - __main__ - INFO - GATT application registered
2023-11-14 11:23:59,259 - __main__ - INFO - Advertisement registered
2023-11-14 11:25:02,859 - __main__ - INFO - Registering GATT application...
2023-11-14 11:25:02,877 - __main__ - INFO - GATT application registered
2023-11-14 11:25:02,882 - __main__ - INFO - Advertisement registered
2023-11-14 11:25:29,050 - __main__ - INFO - Registering GATT application...
2023-11-14 11:25:29,068 - __main__ - INFO - GATT application registered
2023-11-14 11:25:29,073 - __main__ - INFO - Advertisement registered
2023-11-14 11:27:36,203 - __main__ - INFO - Registering GATT application...
2023-11-14 11:27:36,221 - __main__ - INFO - GATT application registered
2023-11-14 11:27:36,226 - __main__ - INFO - Advertisement registered
2023-11-14 11:32:06,162 - __main__ - INFO - Registering GATT application...
2023-11-14 11:32:06,168 - __main__ - INFO - Registering GATT application...
2023-11-14 11:32:06,181 - __main__ - INFO - GATT application registered
2023-11-14 11:32:06,186 - __main__ - INFO - Advertisement registered
2023-11-14 11:33:07,026 - __main__ - INFO - Registering GATT application...
2023-11-14 11:33:07,032 - __main__ - INFO - Registering GATT application...
2023-11-14 11:33:07,033 - __main__ - INFO - Success
2023-11-14 11:33:07,045 - __main__ - INFO - GATT application registered
2023-11-14 11:33:07,050 - __main__ - INFO - Advertisement registered
2023-11-14 11:33:48,274 - __main__ - INFO - Registering GATT application...
2023-11-14 11:33:48,278 - __main__ - INFO - Registering GATT application...
2023-11-14 11:33:48,279 - __main__ - INFO - [<__main__.PowerControlCharacteristic at /org/bluez/example/service0/char0 at 0x754ab700>, <__main__.BoilerControlCharacteristic at /org/bluez/example/service0/char1 at 0x754ab6e8>, <__main__.AutoOffCharacteristic at /org/bluez/example/service0/char2 at 0x754abdd8>]
2023-11-14 11:33:48,291 - __main__ - INFO - GATT application registered
2023-11-14 11:33:48,296 - __main__ - INFO - Advertisement registered
2023-11-14 11:38:55,227 - __main__ - DEBUG - power Read: [255]
2023-11-14 11:38:55,238 - __main__ - ERROR - Error getting status Invalid URL 'XXXXXXXXXXXX/vivaldi': No schema supplied. Perhaps you meant http://XXXXXXXXXXXX/vivaldi?
2023-11-14 11:39:03,492 - __main__ - DEBUG - power Read: [255]
2023-11-14 11:39:03,496 - __main__ - ERROR - Error getting status Invalid URL 'XXXXXXXXXXXX/vivaldi': No schema supplied. Perhaps you meant http://XXXXXXXXXXXX/vivaldi?
2023-11-14 11:39:04,727 - __main__ - DEBUG - power Read: [255]
2023-11-14 11:39:04,730 - __main__ - ERROR - Error getting status Invalid URL 'XXXXXXXXXXXX/vivaldi': No schema supplied. Perhaps you meant http://XXXXXXXXXXXX/vivaldi?
2023-11-14 11:39:06,247 - __main__ - DEBUG - power Read: [255]
2023-11-14 11:39:06,251 - __main__ - ERROR - Error getting status Invalid URL 'XXXXXXXXXXXX/vivaldi': No schema supplied. Perhaps you meant http://XXXXXXXXXXXX/vivaldi?
2023-11-14 11:39:07,862 - __main__ - DEBUG - power Read: [255]
2023-11-14 11:39:07,866 - __main__ - ERROR - Error getting status Invalid URL 'XXXXXXXXXXXX/vivaldi': No schema supplied. Perhaps you meant http://XXXXXXXXXXXX/vivaldi?
2023-11-14 11:39:18,407 - __main__ - DEBUG - power Write: dbus.Array([dbus.Byte(116), dbus.Byte(116)], signature=dbus.Signature('y'))
2023-11-14 11:39:18,408 - __main__ - INFO - invalid state written tt
2023-11-14 11:39:29,380 - __main__ - DEBUG - power Write: dbus.Array([dbus.Byte(110), dbus.Byte(111), dbus.Byte(116), dbus.Byte(101)], signature=dbus.Signature('y'))
2023-11-14 11:39:29,381 - __main__ - INFO - invalid state written note
2023-11-14 11:39:45,482 - __main__ - DEBUG - power Write: dbus.Array([dbus.Byte(111), dbus.Byte(110)], signature=dbus.Signature('y'))
2023-11-14 11:39:45,483 - __main__ - INFO - invalid state written on
2023-11-14 11:39:53,367 - __main__ - DEBUG - power Write: dbus.Array([dbus.Byte(111), dbus.Byte(102), dbus.Byte(102)], signature=dbus.Signature('y'))
2023-11-14 11:39:53,368 - __main__ - INFO - invalid state written off
2023-11-14 11:40:00,492 - __main__ - DEBUG - power Write: dbus.Array([dbus.Byte(79), dbus.Byte(78)], signature=dbus.Signature('y'))
2023-11-14 11:40:00,493 - __main__ - INFO - writing {cmd} to machine
2023-11-14 11:48:31,737 - __main__ - INFO - Registering GATT application...
2023-11-14 11:48:31,743 - __main__ - INFO - Registering GATT application...
2023-11-14 11:48:31,751 - __main__ - INFO - GATT application registered
2023-11-14 11:48:31,756 - __main__ - INFO - Advertisement registered
2023-11-14 11:53:20,275 - __main__ - INFO - Registering GATT application...
2023-11-14 11:53:20,282 - __main__ - INFO - Registering GATT application...
2023-11-14 11:53:20,293 - __main__ - INFO - GATT application registered
2023-11-14 11:53:20,297 - __main__ - INFO - Advertisement registered
2023-11-14 11:55:50,460 - __main__ - INFO - Registering GATT application...
2023-11-14 11:55:50,466 - __main__ - INFO - Registering GATT application...
2023-11-14 11:55:50,476 - __main__ - INFO - GATT application registered
2023-11-14 11:55:50,481 - __main__ - INFO - Advertisement registered
2023-11-14 11:58:18,950 - __main__ - INFO - Registering GATT application...
2023-11-14 11:58:18,956 - __main__ - INFO - Registering GATT application...
2023-11-14 11:58:18,966 - __main__ - INFO - GATT application registered
2023-11-14 11:58:18,971 - __main__ - INFO - Advertisement registered
2023-11-14 12:01:00,587 - __main__ - INFO - Registering GATT application...
2023-11-14 12:01:00,593 - __main__ - INFO - Registering GATT application...
2023-11-14 12:01:00,602 - __main__ - INFO - GATT application registered
2023-11-14 12:01:00,607 - __main__ - INFO - Advertisement registered
2023-11-14 12:01:15,302 - __main__ - DEBUG - power Read: [255]
2023-11-14 12:01:15,303 - __main__ - ERROR - Error getting status name 'VivaldiBaseUrl' is not defined
2023-11-14 12:02:51,823 - __main__ - INFO - Registering GATT application...
2023-11-14 12:02:51,829 - __main__ - INFO - Registering GATT application...
2023-11-14 12:02:51,838 - __main__ - INFO - GATT application registered
2023-11-14 12:02:51,844 - __main__ - INFO - Advertisement registered
2023-11-14 12:03:14,476 - __main__ - DEBUG - power Read: [255]
2023-11-14 12:03:14,477 - __main__ - ERROR - Error getting status name 'VivaldiBaseUrl' is not defined
2023-11-14 12:05:45,522 - __main__ - INFO - Registering GATT application...
2023-11-14 12:05:45,528 - __main__ - INFO - Registering GATT application...
2023-11-14 12:05:45,540 - __main__ - INFO - GATT application registered
2023-11-14 12:05:45,544 - __main__ - INFO - Advertisement registered
2023-11-14 12:21:23,931 - __main__ - INFO - Registering GATT application...
2023-11-14 12:21:23,936 - __main__ - INFO - Registering GATT application...
2023-11-14 12:21:23,949 - __main__ - INFO - GATT application registered
2023-11-14 12:21:23,953 - __main__ - INFO - Advertisement registered
2023-11-14 12:23:46,606 - __main__ - INFO - Registering GATT application...
2023-11-14 12:23:46,613 - __main__ - INFO - Registering GATT application...
2023-11-14 12:23:46,625 - __main__ - INFO - GATT application registered
2023-11-14 12:23:46,630 - __main__ - INFO - Advertisement registered
2023-11-14 12:24:06,385 - __main__ - DEBUG - power Read: [255]
2023-11-14 12:24:06,386 - __main__ - ERROR - Error getting status 'NoneType' object has no attribute 'json'
2023-11-14 12:24:08,713 - __main__ - DEBUG - power Read: [255]
2023-11-14 12:24:08,723 - __main__ - ERROR - Error getting status Invalid URL 'XXXXXXXXXXXX/': No schema supplied. Perhaps you meant http://XXXXXXXXXXXX/?
2023-12-02 15:53:51,577 - __main__ - INFO - Registering GATT application...
2023-12-02 15:53:51,585 - __main__ - INFO - Registering GATT application...
2023-12-02 15:53:51,599 - __main__ - INFO - GATT application registered
2023-12-02 15:53:51,606 - __main__ - INFO - Advertisement registered
2023-12-02 16:03:50,389 - __main__ - INFO - Registering GATT application...
2023-12-02 16:03:50,396 - __main__ - INFO - Registering GATT application...
2023-12-02 16:03:50,409 - __main__ - INFO - GATT application registered
2023-12-02 16:03:50,414 - __main__ - INFO - Advertisement registered
2023-12-02 16:14:29,688 - __main__ - INFO - Registering GATT application...
2023-12-02 16:14:29,694 - __main__ - INFO - Registering GATT application...
2023-12-02 16:14:29,706 - __main__ - INFO - GATT application registered
2023-12-02 16:14:29,713 - __main__ - INFO - Advertisement registered
2023-12-02 16:18:08,617 - __main__ - INFO - Registering GATT application...
2023-12-02 16:18:08,634 - __main__ - INFO - GATT application registered
2023-12-02 16:18:08,641 - __main__ - INFO - Advertisement registered
2023-12-02 16:18:52,949 - __main__ - INFO - boiler state Write: dbus.Array([dbus.Byte(111), dbus.Byte(110)], signature=dbus.Signature('y'))
2023-12-02 16:18:52,950 - __main__ - INFO - writing {cmd} to machine
2023-12-02 16:19:07,392 - __main__ - DEBUG - power Write: dbus.Array([dbus.Byte(111), dbus.Byte(110)], signature=dbus.Signature('y'))
2023-12-02 16:19:07,393 - __main__ - INFO - invalid state written on
2023-12-02 16:19:14,591 - __main__ - DEBUG - power Write: dbus.Array([dbus.Byte(79), dbus.Byte(78)], signature=dbus.Signature('y'))
2023-12-02 16:19:14,592 - __main__ - INFO - writing {cmd} to machine
2023-12-02 16:23:55,011 - __main__ - INFO - Registering GATT application...
2023-12-02 16:23:55,032 - __main__ - INFO - GATT application registered
2023-12-02 16:23:55,037 - __main__ - INFO - Advertisement registered
2023-12-02 16:32:38,233 - __main__ - DEBUG - power Read: [255]
2023-12-02 16:32:38,243 - __main__ - ERROR - Error getting status Invalid URL 'XXXXXXXXXXXX/vivaldi': No schema supplied. Perhaps you meant http://XXXXXXXXXXXX/vivaldi?
2023-12-02 16:32:43,002 - __main__ - DEBUG - power Read: [255]
2023-12-02 16:32:43,006 - __main__ - ERROR - Error getting status Invalid URL 'XXXXXXXXXXXX/vivaldi': No schema supplied. Perhaps you meant http://XXXXXXXXXXXX/vivaldi?
2023-12-02 16:32:47,906 - __main__ - INFO - boiler read: []
2023-12-02 16:32:47,910 - __main__ - ERROR - Error getting status Invalid URL 'XXXXXXXXXXXX/vivaldi': No schema supplied. Perhaps you meant http://XXXXXXXXXXXX/vivaldi?
2023-12-02 16:44:28,724 - __main__ - INFO - Registering GATT application...
2023-12-02 16:44:28,746 - __main__ - INFO - GATT application registered
2023-12-02 16:44:28,753 - __main__ - INFO - Advertisement registered
2023-12-02 16:44:57,356 - __main__ - DEBUG - power Read: [255]
2023-12-02 16:44:57,370 - __main__ - ERROR - Error getting status Invalid URL 'XXXXXXXXXXXX/vivaldi': No schema supplied. Perhaps you meant http://XXXXXXXXXXXX/vivaldi?
2023-12-02 16:45:04,623 - __main__ - DEBUG - power Write: dbus.Array([dbus.Byte(118)], signature=dbus.Signature('y'))
2023-12-02 16:45:04,624 - __main__ - INFO - invalid state written v
2023-12-02 16:45:18,724 - __main__ - DEBUG - power Write: dbus.Array([dbus.Byte(79), dbus.Byte(78)], signature=dbus.Signature('y'))
2023-12-02 16:45:18,725 - __main__ - INFO - writing {cmd} to machine
2023-12-02 16:51:12,551 - __main__ - INFO - Registering GATT application...
2023-12-02 16:51:12,568 - __main__ - INFO - GATT application registered
2023-12-02 16:51:12,572 - __main__ - INFO - Advertisement registered
2023-12-02 16:51:32,087 - __main__ - DEBUG - power Read: [255]
2023-12-02 16:51:54,267 - __main__ - DEBUG - power Write: dbus.Array([dbus.Byte(116), dbus.Byte(101), dbus.Byte(115), dbus.Byte(116)], signature=dbus.Signature('y'))
2023-12-02 16:51:54,268 - __main__ - INFO - test
2023-12-02 16:52:13,407 - __main__ - DEBUG - power Write: dbus.Array([dbus.Byte(99), dbus.Byte(111), dbus.Byte(109), dbus.Byte(109), dbus.Byte(101), dbus.Byte(110), dbus.Byte(116), dbus.Byte(32), dbus.Byte(195), dbus.Byte(167), dbus.Byte(97), dbus.Byte(32), dbus.Byte(118), dbus.Byte(97), dbus.Byte(32), dbus.Byte(109), dbus.Byte(111), dbus.Byte(110), dbus.Byte(32), dbus.Byte(99)], signature=dbus.Signature('y'))
2023-12-02 16:52:13,408 - __main__ - INFO - comment ça va mon c
2023-12-02 16:52:13,501 - __main__ - DEBUG - power Write: dbus.Array([dbus.Byte(197), dbus.Byte(147), dbus.Byte(117), dbus.Byte(114)], signature=dbus.Signature('y'))
2023-12-02 16:52:13,502 - __main__ - INFO - œur
2023-12-02 16:52:39,766 - __main__ - DEBUG - power Write: dbus.Array([dbus.Byte(116), dbus.Byte(101), dbus.Byte(115), dbus.Byte(116)], signature=dbus.Signature('y'))
2023-12-02 16:52:39,767 - __main__ - INFO - test
2023-12-02 16:52:48,267 - __main__ - DEBUG - power Write: dbus.Array([dbus.Byte(98), dbus.Byte(111), dbus.Byte(110), dbus.Byte(106), dbus.Byte(111), dbus.Byte(117), dbus.Byte(114), dbus.Byte(32), dbus.Byte(99), dbus.Byte(111), dbus.Byte(109), dbus.Byte(109), dbus.Byte(101), dbus.Byte(110), dbus.Byte(116)], signature=dbus.Signature('y'))
2023-12-02 16:52:48,269 - __main__ - INFO - bonjour comment
2023-12-02 16:52:56,911 - __main__ - DEBUG - power Write: dbus.Array([dbus.Byte(98), dbus.Byte(111), dbus.Byte(110), dbus.Byte(106), dbus.Byte(111), dbus.Byte(117), dbus.Byte(114), dbus.Byte(32), dbus.Byte(99), dbus.Byte(111), dbus.Byte(109), dbus.Byte(109), dbus.Byte(101), dbus.Byte(110), dbus.Byte(116), dbus.Byte(32), dbus.Byte(195), dbus.Byte(167), dbus.Byte(97), dbus.Byte(32)], signature=dbus.Signature('y'))
2023-12-02 16:52:56,913 - __main__ - INFO - bonjour comment ça 
2023-12-02 16:52:57,005 - __main__ - DEBUG - power Write: dbus.Array([dbus.Byte(118), dbus.Byte(97)], signature=dbus.Signature('y'))
2023-12-02 16:52:57,006 - __main__ - INFO - va
2023-12-02 16:53:17,799 - __main__ - DEBUG - power Write: dbus.Array([dbus.Byte(98), dbus.Byte(111), dbus.Byte(110), dbus.Byte(106), dbus.Byte(111), dbus.Byte(117), dbus.Byte(114), dbus.Byte(32), dbus.Byte(99), dbus.Byte(111), dbus.Byte(109), dbus.Byte(109), dbus.Byte(101), dbus.Byte(110), dbus.Byte(116)], signature=dbus.Signature('y'))
2023-12-02 16:53:17,800 - __main__ - INFO - bonjour comment
2023-12-02 17:09:18,291 - __main__ - INFO - Registering GATT application...
2023-12-02 17:09:18,308 - __main__ - INFO - GATT application registered
2023-12-02 17:09:18,312 - __main__ - INFO - Advertisement registered
2023-12-02 17:10:24,564 - __main__ - INFO - Registering GATT application...
2023-12-02 17:10:24,583 - __main__ - INFO - GATT application registered
2023-12-02 17:10:24,595 - __main__ - INFO - Advertisement registered
2023-12-02 17:11:08,529 - __main__ - DEBUG - power Write: dbus.Array([dbus.Byte(54), dbus.Byte(52), dbus.Byte(57), dbus.Byte(53), dbus.Byte(52), dbus.Byte(56)], signature=dbus.Signature('y'))
2023-12-02 17:11:08,531 - __main__ - INFO - Access granted
2023-12-02 17:28:32,895 - __main__ - INFO - Registering GATT application...
2023-12-02 17:28:32,911 - __main__ - INFO - GATT application registered
2023-12-02 17:28:32,916 - __main__ - INFO - Advertisement registered
2023-12-02 17:29:57,716 - __main__ - DEBUG - power Write: dbus.Array([dbus.Byte(52), dbus.Byte(56), dbus.Byte(48), dbus.Byte(50), dbus.Byte(56), dbus.Byte(54), dbus.Byte(54), dbus.Byte(55), dbus.Byte(101), dbus.Byte(101), dbus.Byte(50), dbus.Byte(101), dbus.Byte(97), dbus.Byte(55), dbus.Byte(53), dbus.Byte(51), dbus.Byte(53), dbus.Byte(55), dbus.Byte(51)], signature=dbus.Signature('y'))
2023-12-02 17:30:45,935 - __main__ - INFO - Registering GATT application...
2023-12-02 17:30:45,952 - __main__ - INFO - GATT application registered
2023-12-02 17:30:45,957 - __main__ - INFO - Advertisement registered
2023-12-02 17:31:25,872 - __main__ - DEBUG - power Write: dbus.Array([dbus.Byte(52), dbus.Byte(56), dbus.Byte(48), dbus.Byte(50), dbus.Byte(56), dbus.Byte(54), dbus.Byte(54), dbus.Byte(55), dbus.Byte(101), dbus.Byte(101), dbus.Byte(50), dbus.Byte(101), dbus.Byte(97), dbus.Byte(50), dbus.Byte(54), dbus.Byte(54), dbus.Byte(50), dbus.Byte(52), dbus.Byte(48)], signature=dbus.Signature('y'))
2023-12-02 17:31:53,610 - __main__ - DEBUG - power Write: dbus.Array([dbus.Byte(52), dbus.Byte(56), dbus.Byte(48), dbus.Byte(50), dbus.Byte(56), dbus.Byte(54), dbus.Byte(54), dbus.Byte(55), dbus.Byte(101), dbus.Byte(101), dbus.Byte(50), dbus.Byte(101), dbus.Byte(97), dbus.Byte(51), dbus.Byte(52), dbus.Byte(53), dbus.Byte(51), dbus.Byte(52), dbus.Byte(53)], signature=dbus.Signature('y'))
2023-12-02 17:32:56,163 - __main__ - DEBUG - power Write: dbus.Array([dbus.Byte(99)], signature=dbus.Signature('y'))
2023-12-02 17:33:15,732 - __main__ - DEBUG - power Write: dbus.Array([dbus.Byte(104)], signature=dbus.Signature('y'))
2023-12-02 17:33:58,986 - __main__ - INFO - Registering GATT application...
2023-12-02 17:33:59,001 - __main__ - INFO - GATT application registered
2023-12-02 17:33:59,007 - __main__ - INFO - Advertisement registered
2023-12-02 17:34:14,003 - __main__ - DEBUG - power Write: dbus.Array([dbus.Byte(116)], signature=dbus.Signature('y'))
2023-12-02 17:34:14,004 - __main__ - INFO - 
2023-12-02 17:34:31,482 - __main__ - DEBUG - power Write: dbus.Array([dbus.Byte(52), dbus.Byte(56), dbus.Byte(48), dbus.Byte(50), dbus.Byte(56), dbus.Byte(54), dbus.Byte(54), dbus.Byte(55), dbus.Byte(101), dbus.Byte(101), dbus.Byte(50), dbus.Byte(101), dbus.Byte(97), dbus.Byte(51), dbus.Byte(52), dbus.Byte(53), dbus.Byte(51), dbus.Byte(52), dbus.Byte(53)], signature=dbus.Signature('y'))
2023-12-02 17:34:31,484 - __main__ - INFO - a345345
2023-12-02 17:35:29,352 - __main__ - INFO - Registering GATT application...
2023-12-02 17:35:29,372 - __main__ - INFO - GATT application registered
2023-12-02 17:35:29,379 - __main__ - INFO - Advertisement registered
2023-12-02 17:35:46,354 - __main__ - DEBUG - power Write: dbus.Array([dbus.Byte(52), dbus.Byte(56), dbus.Byte(48), dbus.Byte(50), dbus.Byte(56), dbus.Byte(54), dbus.Byte(54), dbus.Byte(55), dbus.Byte(101), dbus.Byte(101), dbus.Byte(50), dbus.Byte(101), dbus.Byte(97), dbus.Byte(51), dbus.Byte(52), dbus.Byte(53), dbus.Byte(51), dbus.Byte(52), dbus.Byte(53)], signature=dbus.Signature('y'))
2023-12-02 17:35:46,355 - __main__ - INFO - a
2023-12-02 17:36:04,451 - __main__ - DEBUG - power Write: dbus.Array([dbus.Byte(98), dbus.Byte(111), dbus.Byte(110), dbus.Byte(106), dbus.Byte(111), dbus.Byte(117), dbus.Byte(114), dbus.Byte(32), dbus.Byte(99), dbus.Byte(111), dbus.Byte(109), dbus.Byte(109), dbus.Byte(101), dbus.Byte(110), dbus.Byte(116)], signature=dbus.Signature('y'))
2023-12-02 17:36:04,452 - __main__ - INFO - e
2023-12-02 17:37:06,174 - __main__ - INFO - Registering GATT application...
2023-12-02 17:37:06,192 - __main__ - INFO - GATT application registered
2023-12-02 17:37:06,197 - __main__ - INFO - Advertisement registered
2023-12-02 17:37:17,406 - __main__ - DEBUG - power Write: dbus.Array([dbus.Byte(52), dbus.Byte(56), dbus.Byte(48), dbus.Byte(50), dbus.Byte(56), dbus.Byte(54), dbus.Byte(54), dbus.Byte(55), dbus.Byte(101), dbus.Byte(101), dbus.Byte(50), dbus.Byte(101), dbus.Byte(97), dbus.Byte(51), dbus.Byte(52), dbus.Byte(53), dbus.Byte(51), dbus.Byte(52), dbus.Byte(53)], signature=dbus.Signature('y'))
2023-12-02 17:37:17,407 - __main__ - INFO - 345345

2023-12-02 17:37:59,266 - __main__ - INFO - Registering GATT application...
2023-12-02 17:37:59,284 - __main__ - INFO - GATT application registered
2023-12-02 17:37:59,289 - __main__ - INFO - Advertisement registered
2023-12-02 17:38:11,410 - __main__ - DEBUG - power Write: dbus.Array([dbus.Byte(52), dbus.Byte(56), dbus.Byte(48), dbus.Byte(50), dbus.Byte(56), dbus.Byte(54), dbus.Byte(54), dbus.Byte(55), dbus.Byte(101), dbus.Byte(101), dbus.Byte(50), dbus.Byte(101), dbus.Byte(97), dbus.Byte(51), dbus.Byte(52), dbus.Byte(53), dbus.Byte(51), dbus.Byte(52), dbus.Byte(53)], signature=dbus.Signature('y'))
2023-12-02 17:38:11,411 - __main__ - INFO - 48028667ee2ea345345

2023-12-02 17:40:07,003 - __main__ - INFO - Registering GATT application...
2023-12-02 17:40:07,025 - __main__ - INFO - GATT application registered
2023-12-02 17:40:07,028 - __main__ - INFO - Advertisement registered
2023-12-02 17:40:56,936 - __main__ - DEBUG - power Write: dbus.Array([dbus.Byte(106)], signature=dbus.Signature('y'))
2023-12-02 17:40:56,937 - __main__ - INFO - j

2023-12-02 17:41:19,308 - __main__ - DEBUG - power Write: dbus.Array([dbus.Byte(52), dbus.Byte(56), dbus.Byte(48), dbus.Byte(50), dbus.Byte(56), dbus.Byte(54), dbus.Byte(54), dbus.Byte(55), dbus.Byte(101), dbus.Byte(101), dbus.Byte(50), dbus.Byte(101), dbus.Byte(97), dbus.Byte(53), dbus.Byte(53), dbus.Byte(50), dbus.Byte(52), dbus.Byte(53), dbus.Byte(53)], signature=dbus.Signature('y'))
2023-12-02 17:41:19,309 - __main__ - INFO - 48028667ee2ea552455

2023-12-02 17:41:57,768 - __main__ - INFO - Registering GATT application...
2023-12-02 17:41:57,784 - __main__ - INFO - GATT application registered
2023-12-02 17:41:57,790 - __main__ - INFO - Advertisement registered
2023-12-02 17:42:18,726 - __main__ - DEBUG - power Write: dbus.Array([dbus.Byte(52), dbus.Byte(56), dbus.Byte(48), dbus.Byte(50), dbus.Byte(56), dbus.Byte(54), dbus.Byte(54), dbus.Byte(55), dbus.Byte(101), dbus.Byte(101), dbus.Byte(50), dbus.Byte(101), dbus.Byte(97), dbus.Byte(50), dbus.Byte(56), dbus.Byte(49), dbus.Byte(51), dbus.Byte(55), dbus.Byte(55)], signature=dbus.Signature('y'))
2023-12-02 17:42:49,694 - __main__ - DEBUG - power Write: dbus.Array([dbus.Byte(52), dbus.Byte(56), dbus.Byte(48), dbus.Byte(50), dbus.Byte(56), dbus.Byte(54), dbus.Byte(54), dbus.Byte(55), dbus.Byte(101), dbus.Byte(101), dbus.Byte(50), dbus.Byte(101), dbus.Byte(97), dbus.Byte(55), dbus.Byte(56), dbus.Byte(53), dbus.Byte(57), dbus.Byte(49), dbus.Byte(50)], signature=dbus.Signature('y'))
2023-12-02 17:42:56,533 - __main__ - DEBUG - power Write: dbus.Array([dbus.Byte(52), dbus.Byte(56), dbus.Byte(48), dbus.Byte(50), dbus.Byte(56), dbus.Byte(54), dbus.Byte(54), dbus.Byte(55), dbus.Byte(101), dbus.Byte(101), dbus.Byte(50), dbus.Byte(101), dbus.Byte(97)], signature=dbus.Signature('y'))
2023-12-02 17:44:57,452 - __main__ - INFO - Registering GATT application...
2023-12-02 17:44:57,471 - __main__ - INFO - GATT application registered
2023-12-02 17:44:57,476 - __main__ - INFO - Advertisement registered
2023-12-02 17:45:47,829 - __main__ - INFO - Registering GATT application...
2023-12-02 17:45:47,848 - __main__ - INFO - GATT application registered
2023-12-02 17:45:47,853 - __main__ - INFO - Advertisement registered
2023-12-02 17:45:53,888 - __main__ - INFO - hjb

2023-12-02 17:46:06,808 - __main__ - INFO - bonjour Jean Marc co

2023-12-02 17:46:06,903 - __main__ - INFO - mment vas tu

2023-12-02 17:46:37,112 - __main__ - INFO - bonjour Jean Marc co

2023-12-02 17:46:37,206 - __main__ - INFO - mment vas tu ajd je 

2023-12-02 17:46:37,301 - __main__ - INFO - suis pressé de te v

2023-12-02 17:46:37,395 - __main__ - INFO - oir

2023-12-02 17:47:37,283 - __main__ - INFO - Registering GATT application...
2023-12-02 17:47:37,299 - __main__ - INFO - GATT application registered
2023-12-02 17:47:37,305 - __main__ - INFO - Advertisement registered
2023-12-02 17:48:14,100 - __main__ - INFO - 48028667ee2ea483824

2023-12-02 17:48:14,103 - __main__ - INFO - Access granted
2023-12-02 17:48:53,690 - __main__ - INFO - Registering GATT application...
2023-12-02 17:48:53,706 - __main__ - INFO - GATT application registered
2023-12-02 17:48:53,711 - __main__ - INFO - Advertisement registered
2023-12-02 17:49:35,274 - __main__ - INFO - 48028667ee2ea345334

2023-12-02 17:49:35,277 - __main__ - INFO - invalid code written 48028667ee2ea345334
2023-12-02 17:51:02,812 - __main__ - INFO - 48028667ee2ea345345

2023-12-02 17:51:02,814 - __main__ - INFO - invalid code written 48028667ee2ea345345
2023-12-02 18:04:20,590 - __main__ - INFO - Registering GATT application...
2023-12-02 18:04:20,606 - __main__ - INFO - GATT application registered
2023-12-02 18:04:20,611 - __main__ - INFO - Advertisement registered
2023-12-02 18:05:35,269 - __main__ - INFO - 4d*Wvkr#NBe&431070

2023-12-02 18:05:35,271 - __main__ - INFO - invalid code written 4d*Wvkr#NBe&431070
2023-12-02 18:06:05,713 - __main__ - INFO - Registering GATT application...
2023-12-02 18:06:05,729 - __main__ - INFO - GATT application registered
2023-12-02 18:06:05,734 - __main__ - INFO - Advertisement registered
2023-12-02 18:12:39,238 - __main__ - INFO - Registering GATT application...
2023-12-02 18:12:39,254 - __main__ - INFO - GATT application registered
2023-12-02 18:12:39,259 - __main__ - INFO - Advertisement registered
2023-12-02 18:13:29,052 - __main__ - INFO - RweHgiVWvC^AV3PH

2023-12-02 18:13:29,054 - __main__ - INFO - invalid code written RweHgiVWvC^AV3PH3123
2023-12-02 18:13:29,146 - __main__ - INFO - 74

2023-12-02 18:13:29,148 - __main__ - INFO - invalid code written 74
2023-12-02 18:15:11,559 - __main__ - INFO - Registering GATT application...
2023-12-02 18:15:11,575 - __main__ - INFO - GATT application registered
2023-12-02 18:15:11,580 - __main__ - INFO - Advertisement registered
2023-12-02 18:15:51,043 - __main__ - INFO - RweHgiVWvC^AV3PH

2023-12-02 18:15:51,044 - __main__ - INFO - 059

2023-12-02 18:15:51,045 - __main__ - INFO - invalid code written RweHgiVWvC^AV3PH1059
2023-12-02 18:15:51,138 - __main__ - INFO - 68

2023-12-02 18:15:51,138 - __main__ - INFO - 

2023-12-02 18:15:51,139 - __main__ - INFO - invalid code written 68
2023-12-02 18:16:14,581 - __main__ - INFO - Registering GATT application...
2023-12-02 18:16:14,597 - __main__ - INFO - GATT application registered
2023-12-02 18:16:14,603 - __main__ - INFO - Advertisement registered
2023-12-02 18:16:33,070 - __main__ - INFO - RweHgiVWvC^AV3PH

2023-12-02 18:16:33,072 - __main__ - INFO - 9559

2023-12-02 18:16:33,073 - __main__ - INFO - invalid code written RweHgiVWvC^AV3PH9559
2023-12-02 18:16:33,212 - __main__ - INFO - 87

2023-12-02 18:16:33,213 - __main__ - INFO - 

2023-12-02 18:16:33,215 - __main__ - INFO - invalid code written 87
2023-12-02 18:17:29,006 - __main__ - INFO - Registering GATT application...
2023-12-02 18:17:29,026 - __main__ - INFO - GATT application registered
2023-12-02 18:17:29,030 - __main__ - INFO - Advertisement registered
2023-12-02 18:17:45,183 - __main__ - INFO - invalid code written RweHgiVWvC^AV3PH9559
2023-12-02 18:17:45,277 - __main__ - INFO - invalid code written 87
2023-12-02 18:19:26,491 - __main__ - INFO - Registering GATT application...
2023-12-02 18:19:26,509 - __main__ - INFO - GATT application registered
2023-12-02 18:19:26,513 - __main__ - INFO - Advertisement registered
2023-12-02 18:20:05,921 - __main__ - INFO - invalid code written b!tgTJ$4HvbgwG660965
2023-12-02 18:20:31,943 - __main__ - INFO - Registering GATT application...
2023-12-02 18:20:31,962 - __main__ - INFO - GATT application registered
2023-12-02 18:20:31,967 - __main__ - INFO - Advertisement registered
2023-12-02 18:20:54,274 - __main__ - INFO - Access granted
2023-12-02 18:20:54,275 - __main__ - INFO - invalid code written b!tgTJ$4HvbgwG903413
2023-12-02 18:23:29,845 - __main__ - INFO - Registering GATT application...
2023-12-02 18:23:29,862 - __main__ - INFO - GATT application registered
2023-12-02 18:23:29,867 - __main__ - INFO - Advertisement registered
2023-12-02 18:23:47,407 - __main__ - INFO - invalid code written b!tgTJ$4HvbgwG925642
2023-12-02 18:24:13,627 - __main__ - INFO - Access granted
2023-12-04 20:40:35,813 - __main__ - INFO - Registering GATT application...
2023-12-04 20:40:35,832 - __main__ - INFO - GATT application registered
2023-12-04 20:40:35,838 - __main__ - INFO - Advertisement registered
2023-12-04 21:05:50,232 - __main__ - INFO - invalid code written coucou
2023-12-16 17:43:15,512 - __main__ - INFO - Registering GATT application...
2023-12-16 17:43:15,529 - __main__ - INFO - GATT application registered
2023-12-16 17:43:15,536 - __main__ - INFO - Advertisement registered
2023-12-16 17:44:18,147 - __main__ - INFO - invalid code written yest
2023-12-16 17:44:45,007 - __main__ - INFO - invalid code written hello
2023-12-16 17:45:07,785 - __main__ - INFO - Registering GATT application...
2023-12-16 17:45:07,802 - __main__ - INFO - GATT application registered
2023-12-16 17:45:07,808 - __main__ - INFO - Advertisement registered
2023-12-16 17:47:41,702 - __main__ - INFO - Registering GATT application...
2023-12-16 17:47:41,720 - __main__ - INFO - GATT application registered
2023-12-16 17:47:41,724 - __main__ - INFO - Advertisement registered
2023-12-16 17:48:10,867 - __main__ - INFO - Registering GATT application...
2023-12-16 17:48:10,885 - __main__ - INFO - GATT application registered
2023-12-16 17:48:10,895 - __main__ - INFO - Advertisement registered
2023-12-16 17:48:22,979 - __main__ - INFO - invalid code written hh
2023-12-16 17:48:33,239 - __main__ - INFO - invalid code written hh
2023-12-16 17:48:55,662 - __main__ - INFO - Registering GATT application...
2023-12-16 17:48:55,680 - __main__ - INFO - GATT application registered
2023-12-16 17:48:55,685 - __main__ - INFO - Advertisement registered
2023-12-16 17:50:11,477 - __main__ - INFO - Registering GATT application...
2023-12-16 17:50:11,494 - __main__ - INFO - GATT application registered
2023-12-16 17:50:11,500 - __main__ - INFO - Advertisement registered
2023-12-16 17:52:42,911 - __main__ - INFO - Registering GATT application...
2023-12-16 17:52:42,931 - __main__ - INFO - GATT application registered
2023-12-16 17:52:42,937 - __main__ - INFO - Advertisement registered
2023-12-16 17:55:04,336 - __main__ - INFO - Registering GATT application...
2023-12-16 17:55:04,355 - __main__ - INFO - GATT application registered
2023-12-16 17:55:04,360 - __main__ - INFO - Advertisement registered
2023-12-16 18:03:50,259 - __main__ - INFO - Registering GATT application...
2023-12-16 18:03:50,280 - __main__ - INFO - GATT application registered
2023-12-16 18:03:50,285 - __main__ - INFO - Advertisement registered
2023-12-16 18:07:17,982 - __main__ - INFO - Registering GATT application...
2023-12-16 18:07:17,997 - __main__ - INFO - GATT application registered
2023-12-16 18:07:18,003 - __main__ - INFO - Advertisement registered
2023-12-16 18:13:22,477 - __main__ - INFO - Registering GATT application...
2023-12-16 18:13:22,495 - __main__ - INFO - GATT application registered
2023-12-16 18:13:22,499 - __main__ - INFO - Advertisement registered
2023-12-16 18:15:36,135 - __main__ - INFO - Registering GATT application...
2023-12-16 18:15:36,153 - __main__ - INFO - GATT application registered
2023-12-16 18:15:36,158 - __main__ - INFO - Advertisement registered
2023-12-16 18:15:43,446 - __main__ - INFO - invalid code written vv
2023-12-16 18:16:07,598 - __main__ - INFO - Registering GATT application...
2023-12-16 18:16:07,615 - __main__ - INFO - GATT application registered
2023-12-16 18:16:07,620 - __main__ - INFO - Advertisement registered
2023-12-16 18:16:55,149 - __main__ - INFO - Registering GATT application...
2023-12-16 18:16:55,166 - __main__ - INFO - GATT application registered
2023-12-16 18:16:55,171 - __main__ - INFO - Advertisement registered
2023-12-16 18:18:41,334 - __main__ - INFO - Registering GATT application...
2023-12-16 18:18:41,352 - __main__ - INFO - GATT application registered
2023-12-16 18:18:41,357 - __main__ - INFO - Advertisement registered
2023-12-16 18:18:49,758 - __main__ - INFO - invalid code written jj
2023-12-16 18:22:22,351 - __main__ - INFO - Registering GATT application...
2023-12-16 18:22:22,368 - __main__ - INFO - GATT application registered
2023-12-16 18:22:22,374 - __main__ - INFO - Advertisement registered
2023-12-16 18:22:31,970 - __main__ - INFO - invalid code written b
2023-12-16 18:26:53,241 - __main__ - INFO - Registering GATT application...
2023-12-16 18:26:53,260 - __main__ - INFO - GATT application registered
2023-12-16 18:26:53,264 - __main__ - INFO - Advertisement registered
2023-12-16 18:27:04,688 - __main__ - INFO - invalid code written gg
2023-12-16 18:27:23,546 - __main__ - INFO - Registering GATT application...
2023-12-16 18:27:23,563 - __main__ - INFO - GATT application registered
2023-12-16 18:27:23,572 - __main__ - INFO - Advertisement registered
2023-12-16 18:27:32,100 - __main__ - INFO - invalid code written bb
2023-12-16 18:35:23,851 - __main__ - INFO - Registering GATT application...
2023-12-16 18:35:23,868 - __main__ - INFO - GATT application registered
2023-12-16 18:35:23,873 - __main__ - INFO - Advertisement registered
2023-12-16 18:39:25,557 - __main__ - INFO - invalid code written bb
2023-12-16 18:48:13,820 - __main__ - INFO - Registering GATT application...
2023-12-16 18:48:13,839 - __main__ - INFO - GATT application registered
2023-12-16 18:48:13,845 - __main__ - INFO - Advertisement registered
2023-12-16 19:00:35,746 - __main__ - INFO - Registering GATT application...
2023-12-16 19:00:35,770 - __main__ - INFO - GATT application registered
2023-12-16 19:00:35,777 - __main__ - INFO - Advertisement registered
2023-12-16 19:03:05,704 - __main__ - INFO - Registering GATT application...
2023-12-16 19:03:05,722 - __main__ - INFO - GATT application registered
2023-12-16 19:03:05,727 - __main__ - INFO - Advertisement registered
2023-12-16 19:03:11,084 - __main__ - INFO - Registering GATT application...
2023-12-16 19:03:11,106 - __main__ - INFO - GATT application registered
2023-12-16 19:03:11,108 - __main__ - INFO - Advertisement registered
2023-12-16 19:03:56,194 - __main__ - INFO - Registering GATT application...
2023-12-16 19:03:56,212 - __main__ - INFO - GATT application registered
2023-12-16 19:03:56,217 - __main__ - INFO - Advertisement registered
2023-12-16 19:06:21,087 - __main__ - INFO - Registering GATT application...
2023-12-16 19:06:21,104 - __main__ - INFO - GATT application registered
2023-12-16 19:06:21,110 - __main__ - INFO - Advertisement registered
2023-12-16 19:08:14,926 - __main__ - INFO - Registering GATT application...
2023-12-16 19:08:14,945 - __main__ - INFO - GATT application registered
2023-12-16 19:08:14,950 - __main__ - INFO - Advertisement registered
2023-12-16 21:50:11,537 - __main__ - INFO - Registering GATT application...
2023-12-16 21:50:11,560 - __main__ - INFO - GATT application registered
2023-12-16 21:50:11,578 - __main__ - INFO - Advertisement registered
2023-12-16 21:51:56,667 - __main__ - INFO - Registering GATT application...
2023-12-16 21:51:56,675 - __main__ - INFO - Registering GATT application...
2023-12-16 21:51:56,690 - __main__ - INFO - GATT application registered
2023-12-16 21:51:56,698 - __main__ - INFO - Advertisement registered
2023-12-16 21:52:52,163 - __main__ - INFO - Registering GATT application...
2023-12-16 21:52:52,180 - __main__ - INFO - GATT application registered
2023-12-16 21:52:52,187 - __main__ - INFO - Advertisement registered
2023-12-16 21:55:56,958 - __main__ - INFO - Registering GATT application...
2023-12-16 21:55:56,977 - __main__ - INFO - GATT application registered
2023-12-16 21:55:56,984 - __main__ - INFO - Advertisement registered
2023-12-16 22:00:57,279 - __main__ - INFO - Registering GATT application...
2023-12-16 22:00:57,303 - __main__ - INFO - GATT application registered
2023-12-16 22:00:57,309 - __main__ - INFO - Advertisement registered
2023-12-16 22:04:46,596 - __main__ - INFO - Registering GATT application...
2023-12-16 22:04:46,618 - __main__ - INFO - GATT application registered
2023-12-16 22:04:46,623 - __main__ - INFO - Advertisement registered
2023-12-16 22:10:15,101 - __main__ - INFO - Registering GATT application...
2023-12-16 22:10:15,121 - __main__ - INFO - GATT application registered
2023-12-16 22:10:15,126 - __main__ - INFO - Advertisement registered
2023-12-16 22:12:22,911 - __main__ - INFO - Registering GATT application...
2023-12-16 22:12:22,932 - __main__ - INFO - GATT application registered
2023-12-16 22:12:22,936 - __main__ - INFO - Advertisement registered
2023-12-16 22:13:28,275 - __main__ - INFO - Registering GATT application...
2023-12-16 22:13:28,291 - __main__ - INFO - GATT application registered
2023-12-16 22:13:28,296 - __main__ - INFO - Advertisement registered
2023-12-16 22:18:35,502 - __main__ - INFO - Registering GATT application...
2023-12-16 22:18:35,521 - __main__ - INFO - GATT application registered
2023-12-16 22:18:35,525 - __main__ - INFO - Advertisement registered
2023-12-16 22:19:09,659 - __main__ - INFO - invalid code written bb
2023-12-16 22:30:09,744 - __main__ - INFO - Registering GATT application...
2023-12-16 22:30:09,764 - __main__ - INFO - GATT application registered
2023-12-16 22:30:09,772 - __main__ - INFO - Advertisement registered
2023-12-16 22:32:56,435 - __main__ - INFO - Registering GATT application...
2023-12-16 22:32:56,453 - __main__ - INFO - GATT application registered
2023-12-16 22:32:56,459 - __main__ - INFO - Advertisement registered
2023-12-16 22:37:52,208 - __main__ - INFO - Registering GATT application...
2023-12-16 22:37:52,229 - __main__ - INFO - GATT application registered
2023-12-16 22:37:52,234 - __main__ - INFO - Advertisement registered
2023-12-16 22:38:47,589 - __main__ - INFO - Registering GATT application...
2023-12-16 22:38:47,608 - __main__ - INFO - GATT application registered
2023-12-16 22:38:47,613 - __main__ - INFO - Advertisement registered
2023-12-16 22:39:24,613 - __main__ - INFO - Registering GATT application...
2023-12-16 22:39:24,632 - __main__ - INFO - GATT application registered
2023-12-16 22:39:24,637 - __main__ - INFO - Advertisement registered
2023-12-16 22:40:19,814 - __main__ - INFO - Registering GATT application...
2023-12-16 22:40:19,833 - __main__ - INFO - GATT application registered
2023-12-16 22:40:19,838 - __main__ - INFO - Advertisement registered
2023-12-16 22:41:52,636 - __main__ - INFO - Registering GATT application...
2023-12-16 22:41:52,655 - __main__ - INFO - GATT application registered
2023-12-16 22:41:52,660 - __main__ - INFO - Advertisement registered
2023-12-16 22:44:05,195 - __main__ - INFO - Registering GATT application...
2023-12-16 22:44:05,214 - __main__ - INFO - GATT application registered
2023-12-16 22:44:05,220 - __main__ - INFO - Advertisement registered
2023-12-16 22:48:28,099 - __main__ - INFO - Registering GATT application...
2023-12-16 22:48:28,117 - __main__ - INFO - GATT application registered
2023-12-16 22:48:28,122 - __main__ - INFO - Advertisement registered
2023-12-16 22:51:06,578 - __main__ - INFO - Registering GATT application...
2023-12-16 22:51:06,596 - __main__ - INFO - GATT application registered
2023-12-16 22:51:06,601 - __main__ - INFO - Advertisement registered
2023-12-16 22:51:13,246 - __main__ - INFO - invalid code written nj
2023-12-16 22:53:35,813 - __main__ - INFO - Registering GATT application...
2023-12-16 22:53:35,833 - __main__ - INFO - GATT application registered
2023-12-16 22:53:35,840 - __main__ - INFO - Advertisement registered
2023-12-16 22:53:45,856 - __main__ - INFO - invalid code written 
2023-12-16 22:56:49,246 - __main__ - INFO - Registering GATT application...
2023-12-16 22:56:49,262 - __main__ - INFO - GATT application registered
2023-12-16 22:56:49,269 - __main__ - INFO - Advertisement registered
2023-12-16 22:56:55,554 - __main__ - INFO - invalid code written 
2023-12-16 23:05:46,087 - __main__ - INFO - Registering GATT application...
2023-12-16 23:05:46,105 - __main__ - INFO - GATT application registered
2023-12-16 23:05:46,110 - __main__ - INFO - Advertisement registered
2023-12-16 23:08:04,276 - __main__ - INFO - Registering GATT application...
2023-12-16 23:08:04,295 - __main__ - INFO - GATT application registered
2023-12-16 23:08:04,300 - __main__ - INFO - Advertisement registered
2023-12-16 23:09:26,935 - __main__ - INFO - Registering GATT application...
2023-12-16 23:09:26,954 - __main__ - INFO - GATT application registered
2023-12-16 23:09:26,960 - __main__ - INFO - Advertisement registered
2023-12-16 23:09:53,730 - __main__ - INFO - Registering GATT application...
2023-12-16 23:09:53,751 - __main__ - INFO - GATT application registered
2023-12-16 23:09:53,756 - __main__ - INFO - Advertisement registered
2023-12-17 17:25:34,463 - __main__ - INFO - Registering GATT application...
2023-12-17 17:25:34,485 - __main__ - INFO - GATT application registered
2023-12-17 17:25:34,492 - __main__ - INFO - Advertisement registered
2023-12-17 17:28:32,466 - __main__ - INFO - Registering GATT application...
2023-12-17 17:28:32,480 - __main__ - INFO - GATT application registered
2023-12-17 17:28:32,486 - __main__ - INFO - Advertisement registered
2023-12-17 17:38:33,513 - __main__ - INFO - Registering GATT application...
2023-12-17 17:38:33,537 - __main__ - INFO - GATT application registered
2023-12-17 17:38:33,542 - __main__ - INFO - Advertisement registered
2023-12-17 17:50:09,061 - __main__ - INFO - Registering GATT application...
2023-12-17 17:50:09,096 - __main__ - INFO - GATT application registered
2023-12-17 17:50:09,106 - __main__ - INFO - Advertisement registered
2023-12-17 17:50:36,519 - __main__ - INFO - Registering GATT application...
2023-12-17 17:50:36,556 - __main__ - INFO - GATT application registered
2023-12-17 17:50:36,562 - __main__ - INFO - Advertisement registered
2023-12-17 17:52:30,244 - __main__ - INFO - Registering GATT application...
2023-12-17 17:52:30,260 - __main__ - INFO - GATT application registered
2023-12-17 17:52:30,266 - __main__ - INFO - Advertisement registered
2023-12-17 17:54:11,238 - __main__ - INFO - Registering GATT application...
2023-12-17 17:54:11,254 - __main__ - INFO - GATT application registered
2023-12-17 17:54:11,259 - __main__ - INFO - Advertisement registered
2023-12-17 17:56:12,189 - __main__ - INFO - Registering GATT application...
2023-12-17 17:56:12,209 - __main__ - INFO - GATT application registered
2023-12-17 17:56:12,215 - __main__ - INFO - Advertisement registered
2023-12-17 17:59:18,835 - __main__ - INFO - Registering GATT application...
2023-12-17 17:59:18,853 - __main__ - INFO - GATT application registered
2023-12-17 17:59:18,857 - __main__ - INFO - Advertisement registered
2023-12-17 18:01:16,557 - __main__ - INFO - Registering GATT application...
2023-12-17 18:01:16,574 - __main__ - INFO - GATT application registered
2023-12-17 18:01:16,579 - __main__ - INFO - Advertisement registered
2023-12-17 18:01:52,987 - __main__ - INFO - Door Opened
2023-12-17 18:01:57,994 - __main__ - INFO - Door Close
2023-12-17 18:03:59,126 - __main__ - INFO - Registering GATT application...
2023-12-17 18:03:59,148 - __main__ - INFO - GATT application registered
2023-12-17 18:03:59,154 - __main__ - INFO - Advertisement registered
                                                                                                               2023-12-18 20:47:32,448 - __main__ - INFO - Registering GATT application...
2023-12-18 20:47:32,468 - __main__ - INFO - GATT application registered
2023-12-18 20:47:32,474 - __main__ - INFO - Advertisement registered
2023-12-18 20:55:52,826 - __main__ - INFO - Door Opened
2023-12-18 20:55:57,832 - __main__ - INFO - Door Close
2023-12-18 20:56:21,428 - __main__ - INFO - Door Opened
2023-12-18 20:56:26,434 - __main__ - INFO - Door Close
2023-12-18 21:02:38,181 - __main__ - INFO - Door Opened
2023-12-18 21:02:43,187 - __main__ - INFO - Door Close
2023-12-18 21:03:09,665 - __main__ - INFO - Door Opened
2023-12-18 21:03:14,671 - __main__ - INFO - Door Close
2023-12-18 21:03:27,383 - __main__ - INFO - Door Not Opened
2023-12-18 21:06:48,522 - __main__ - INFO - Door Opened
2023-12-18 21:06:53,524 - __main__ - INFO - Door Close
2023-12-18 21:34:15,490 - __main__ - INFO - Door Opened
2023-12-18 21:34:20,499 - __main__ - INFO - Door Close
2023-12-18 21:34:39,480 - __main__ - INFO - Door Opened
2023-12-18 21:34:44,484 - __main__ - INFO - Door Close
2023-12-18 21:34:58,339 - __main__ - INFO - Door Not Opened
2023-12-18 21:50:19,160 - __main__ - INFO - Door Opened
2023-12-18 21:50:24,164 - __main__ - INFO - Door Close
2023-12-18 21:50:41,865 - __main__ - INFO - Door Not Opened
2023-12-18 21:54:19,777 - __main__ - INFO - Registering GATT application...
2023-12-18 21:54:19,803 - __main__ - INFO - GATT application registered
2023-12-18 21:54:19,810 - __main__ - INFO - Advertisement registered
2023-12-18 21:55:02,086 - __main__ - INFO - Door Not Opened
2023-12-18 21:55:14,625 - __main__ - INFO - Door Not Opened
2023-12-18 21:55:36,571 - __main__ - INFO - Door Not Opened
2023-12-18 21:56:08,162 - __main__ - INFO - Door Not Opened
2023-12-18 21:56:16,712 - __main__ - INFO - Door Not Opened
2023-12-18 21:53:59,650 - __main__ - INFO - Registering GATT application...
2023-12-18 21:53:59,671 - __main__ - INFO - GATT application registered
2023-12-18 21:53:59,676 - __main__ - INFO - Advertisement registered
2023-12-18 22:05:09,135 - __main__ - INFO - Door Opened
2023-12-18 22:05:14,141 - __main__ - INFO - Door Close
2023-12-18 22:05:45,524 - __main__ - INFO - Door Opened
2023-12-18 22:05:50,530 - __main__ - INFO - Door Close
2023-12-18 22:06:10,750 - __main__ - INFO - Door Not Opened
2023-12-18 22:26:21,402 - __main__ - INFO - Registering GATT application...
2023-12-18 22:26:21,437 - __main__ - INFO - GATT application registered
2023-12-18 22:26:21,444 - __main__ - INFO - Advertisement registered
2023-12-19 15:24:42,383 - __main__ - INFO - Registering GATT application...
2023-12-19 15:24:42,402 - __main__ - INFO - GATT application registered
2023-12-19 15:24:42,478 - __main__ - INFO - Advertisement registered
2023-12-19 15:40:53,255 - __main__ - INFO - Registering GATT application...
2023-12-19 15:40:53,271 - __main__ - INFO - GATT application registered
2023-12-19 15:40:53,276 - __main__ - INFO - Advertisement registered
2023-12-19 15:41:06,149 - __main__ - INFO - Door Not Opened
2023-12-19 15:41:20,638 - __main__ - INFO - Door Opened
2023-12-19 15:41:25,644 - __main__ - INFO - Door Close
2023-12-19 15:41:36,500 - __main__ - INFO - Door Opened
2023-12-19 15:41:41,506 - __main__ - INFO - Door Close
2023-12-19 15:35:53,421 - __main__ - INFO - Registering GATT application...
2023-12-19 15:35:53,441 - __main__ - INFO - GATT application registered
2023-12-19 15:35:53,447 - __main__ - INFO - Advertisement registered
2023-12-19 17:16:52,888 - __main__ - INFO - Door Opened
2023-12-19 17:16:57,894 - __main__ - INFO - Door Close
2023-12-19 17:18:13,262 - __main__ - INFO - Registering GATT application...
2023-12-19 17:18:13,279 - __main__ - INFO - GATT application registered
2023-12-19 17:18:13,284 - __main__ - INFO - Advertisement registered
2023-12-19 17:18:59,064 - __main__ - INFO - Door Not Opened
2023-12-19 17:21:02,450 - __main__ - INFO - Door Not Opened
2023-12-19 17:21:19,375 - __main__ - INFO - Door Opened
2023-12-19 17:21:24,384 - __main__ - INFO - Door Close
2023-12-19 17:23:21,437 - __main__ - INFO - Registering GATT application...
2023-12-19 17:23:21,456 - __main__ - INFO - GATT application registered
2023-12-19 17:23:21,459 - __main__ - INFO - Advertisement registered
2023-12-29 16:53:34,860 - __main__ - INFO - Registering GATT application...
2023-12-29 16:53:34,887 - __main__ - INFO - GATT application registered
2023-12-29 16:53:34,890 - __main__ - INFO - Advertisement registered
2023-12-29 17:01:35,770 - __main__ - INFO - Registering GATT application...
2023-12-29 17:01:35,786 - __main__ - INFO - GATT application registered
2023-12-29 17:01:35,789 - __main__ - INFO - Advertisement registered
2023-12-29 17:02:01,861 - __main__ - INFO - Door Not Opened
2023-12-29 17:14:40,953 - __main__ - INFO - Registering GATT application...
2023-12-29 17:15:34,664 - __main__ - INFO - Registering GATT application...
2023-12-29 17:17:01,568 - __main__ - INFO - Registering GATT application...
2023-12-29 17:17:42,604 - __main__ - INFO - Registering GATT application...
2023-12-29 17:19:45,135 - __main__ - INFO - Registering GATT application...
2023-12-29 17:19:45,155 - __main__ - INFO - GATT application registered
2023-12-29 17:19:45,159 - __main__ - INFO - Advertisement registered
2023-12-29 17:19:59,957 - __main__ - INFO - Registering GATT application...
2023-12-29 17:21:08,658 - __main__ - INFO - Registering GATT application...
2023-12-29 17:21:26,761 - __main__ - INFO - Registering GATT application...
2023-12-29 17:21:47,721 - __main__ - INFO - Registering GATT application...
2023-12-29 17:21:47,733 - __main__ - CRITICAL - Failed to register advertisement: org.bluez.Error.NotPermitted: Maximum advertisements reached
2023-12-29 17:22:28,300 - __main__ - INFO - Registering GATT application...
2023-12-29 17:22:28,312 - __main__ - CRITICAL - Failed to register advertisement: org.bluez.Error.NotPermitted: Maximum advertisements reached
2023-12-29 17:22:47,614 - __main__ - INFO - Registering GATT application...
2023-12-29 17:22:47,627 - __main__ - CRITICAL - Failed to register advertisement: org.bluez.Error.NotPermitted: Maximum advertisements reached
2023-12-29 17:23:02,354 - __main__ - INFO - Registering GATT application...
2023-12-29 17:23:02,364 - __main__ - CRITICAL - Failed to register advertisement: org.bluez.Error.NotPermitted: Maximum advertisements reached
2023-12-29 17:23:46,850 - __main__ - INFO - Registering GATT application...
2023-12-29 17:23:46,877 - __main__ - INFO - GATT application registered
2023-12-29 17:23:46,881 - __main__ - INFO - Advertisement registered
2023-12-29 17:24:46,153 - __main__ - INFO - Registering GATT application...
2023-12-29 17:24:46,183 - __main__ - INFO - GATT application registered
2023-12-29 17:24:46,185 - __main__ - INFO - Advertisement registered
2023-12-29 17:24:59,362 - __main__ - INFO - Registering GATT application...
2023-12-29 17:24:59,379 - __main__ - INFO - GATT application registered
2023-12-29 17:24:59,381 - __main__ - INFO - Advertisement registered
2023-12-29 17:28:54,351 - __main__ - INFO - Registering GATT application...
2023-12-29 17:28:54,366 - __main__ - INFO - GATT application registered
2023-12-29 17:28:54,367 - __main__ - INFO - Advertisement registered
2023-12-29 17:29:35,645 - __main__ - INFO - Door Not Opened
2023-12-29 17:29:41,715 - __main__ - INFO - Token:hhu received from 48:02:86:7E:E2:EA
2023-12-29 17:29:41,718 - __main__ - INFO - Door Not Opened
2023-12-29 17:43:49,907 - __main__ - INFO - Registering GATT application...
2023-12-29 17:43:49,929 - __main__ - INFO - GATT application registered
2023-12-29 17:43:49,933 - __main__ - INFO - Advertisement registered
2023-12-29 17:44:09,024 - __main__ - INFO - Token:hhu received from 48:02:86:7E:E2:EA
2023-12-29 17:44:09,027 - __main__ - INFO - Door Not Opened
2023-12-29 17:45:46,949 - __main__ - INFO - Registering GATT application...
2023-12-29 17:45:46,968 - __main__ - INFO - GATT application registered
2023-12-29 17:45:46,970 - __main__ - INFO - Advertisement registered
2023-12-29 17:45:56,028 - __main__ - INFO - Token:hhu received from 48:02:86:7E:E2:EA
2023-12-29 17:45:56,031 - __main__ - INFO - Door Not Opened
2023-12-29 17:47:43,619 - __main__ - INFO - Registering GATT application...
2023-12-29 17:47:43,634 - __main__ - INFO - GATT application registered
2023-12-29 17:47:43,635 - __main__ - INFO - Advertisement registered
2023-12-29 17:47:50,304 - __main__ - INFO - Token:hhu received from 48:02:86:7E:E2:EA
2023-12-29 17:47:50,307 - __main__ - INFO - Door Not Opened
